<?xml version="1.0" encoding="UTF-8"?>
<!-- Generated by org.testng.reporters.JUnitReportReporter -->
<testsuite skipped="0" hostname="SaranyaPC" name="qaclickacademy.SeleniumTest" tests="2" failures="0" timestamp="2020-05-17T18:48:35 IST" time="0.001" errors="0">
  <testcase name="browserAutomation" time="0.000" classname="qaclickacademy.SeleniumTest"/>
  <system-out/>
  <testcase name="elementsUI" time="0.001" classname="qaclickacademy.SeleniumTest"/>
  <system-out/>
</testsuite> <!-- qaclickacademy.SeleniumTest -->
