<?xml version="1.0" encoding="UTF-8"?>
<!-- Generated by org.testng.reporters.JUnitReportReporter -->
<testsuite skipped="0" hostname="SaranyaPC" name="qaclickacademy.AppiumTest" tests="2" failures="0" timestamp="2020-05-17T18:48:35 IST" time="0.005" errors="0">
  <testcase name="nativeIOSApp" time="0.000" classname="qaclickacademy.AppiumTest"/>
  <system-out/>
  <testcase name="nativeAndroidApp" time="0.005" classname="qaclickacademy.AppiumTest"/>
  <system-out/>
</testsuite> <!-- qaclickacademy.AppiumTest -->
